android/app/build/intermediates/manifest_merge_blame_file/release/manifest-merger-blame-release-report.txt
1<?xml version="1.0" encoding="utf-8"?>
2<manifest xmlns:android="http://schemas.android.com/apk/res/android"
3    package="com.jvpg.jvpgclub"
4    android:versionCode="43004"
5    android:versionName="2.0.17" >
6
7    <uses-sdk
8        android:minSdkVersion="21"
8-->src/main/AndroidManifest.xml
9        android:targetSdkVersion="33" />
9-->src/main/AndroidManifest.xml
10
11    <queries>
11-->src/main/AndroidManifest.xml:4:5-8:15
12        <intent>
12-->src/main/AndroidManifest.xml:5:9-7:18
13            <action android:name="com.google.android.youtube.api.service.START" />
13-->src/main/AndroidManifest.xml:6:13-83
13-->src/main/AndroidManifest.xml:6:21-80
14        </intent>
15        <intent>
15-->[:react-native-image-crop-picker] AndroidManifest.xml:10:9-12:18
16            <action android:name="android.media.action.IMAGE_CAPTURE" />
16-->[:react-native-image-crop-picker] AndroidManifest.xml:11:13-73
16-->[:react-native-image-crop-picker] AndroidManifest.xml:11:21-70
17        </intent>
18        <intent>
18-->[com.razorpay:checkout:1.6.35] AndroidManifest.xml:11:9-17:18
19            <action android:name="android.intent.action.VIEW" />
19-->[com.razorpay:checkout:1.6.35] AndroidManifest.xml:12:13-65
19-->[com.razorpay:checkout:1.6.35] AndroidManifest.xml:12:21-62
20
21            <data
21-->[com.razorpay:checkout:1.6.35] AndroidManifest.xml:14:13-16:38
22                android:mimeType="*/*"
22-->[com.razorpay:checkout:1.6.35] AndroidManifest.xml:15:17-39
23                android:scheme="*" />
23-->[com.razorpay:checkout:1.6.35] AndroidManifest.xml:16:17-35
24        </intent>
25        <intent>
25-->[com.razorpay:checkout:1.6.35] AndroidManifest.xml:18:9-27:18
26            <action android:name="android.intent.action.VIEW" />
26-->[com.razorpay:checkout:1.6.35] AndroidManifest.xml:12:13-65
26-->[com.razorpay:checkout:1.6.35] AndroidManifest.xml:12:21-62
27
28            <category android:name="android.intent.category.BROWSABLE" />
28-->[com.razorpay:checkout:1.6.35] AndroidManifest.xml:21:13-74
28-->[com.razorpay:checkout:1.6.35] AndroidManifest.xml:21:23-71
29
30            <data
30-->[com.razorpay:checkout:1.6.35] AndroidManifest.xml:14:13-16:38
31                android:host="pay"
32                android:mimeType="*/*"
32-->[com.razorpay:checkout:1.6.35] AndroidManifest.xml:15:17-39
33                android:scheme="upi" />
33-->[com.razorpay:checkout:1.6.35] AndroidManifest.xml:16:17-35
34        </intent>
35        <intent>
35-->[com.razorpay:checkout:1.6.35] AndroidManifest.xml:28:9-30:18
36            <action android:name="android.intent.action.MAIN" />
36-->src/main/AndroidManifest.xml:64:13-65
36-->src/main/AndroidManifest.xml:64:21-62
37        </intent>
38        <intent>
38-->[com.razorpay:checkout:1.6.35] AndroidManifest.xml:31:9-35:18
39            <action android:name="android.intent.action.SEND" />
39-->[com.razorpay:checkout:1.6.35] AndroidManifest.xml:32:13-65
39-->[com.razorpay:checkout:1.6.35] AndroidManifest.xml:32:21-62
40
41            <data android:mimeType="*/*" />
41-->[com.razorpay:checkout:1.6.35] AndroidManifest.xml:14:13-16:38
41-->[com.razorpay:checkout:1.6.35] AndroidManifest.xml:15:17-39
42        </intent>
43        <intent>
43-->[com.razorpay:checkout:1.6.35] AndroidManifest.xml:36:9-38:18
44            <action android:name="rzp.device_token.share" />
44-->[com.razorpay:checkout:1.6.35] AndroidManifest.xml:37:13-61
44-->[com.razorpay:checkout:1.6.35] AndroidManifest.xml:37:21-58
45        </intent>
46    </queries>
47
48    <uses-permission android:name="android.permission.INTERNET" />
48-->src/main/AndroidManifest.xml:9:5-67
48-->src/main/AndroidManifest.xml:9:22-64
49    <uses-permission android:name="android.permission.CAMERA" />
49-->src/main/AndroidManifest.xml:10:5-65
49-->src/main/AndroidManifest.xml:10:22-62
50
51    <uses-feature
51-->src/main/AndroidManifest.xml:11:5-85
52        android:name="android.hardware.camera"
52-->src/main/AndroidManifest.xml:11:19-57
53        android:required="false" />
53-->src/main/AndroidManifest.xml:11:58-82
54    <uses-feature
54-->src/main/AndroidManifest.xml:12:5-91
55        android:name="android.hardware.camera.front"
55-->src/main/AndroidManifest.xml:12:19-63
56        android:required="false" />
56-->src/main/AndroidManifest.xml:12:64-88
57
58    <uses-permission android:name="android.permission.RECORD_AUDIO" />
58-->src/main/AndroidManifest.xml:13:5-71
58-->src/main/AndroidManifest.xml:13:22-68
59    <uses-permission android:name="android.permission.READ_EXTERNAL_STORAGE" />
59-->src/main/AndroidManifest.xml:15:5-80
59-->src/main/AndroidManifest.xml:15:22-77
60    <uses-permission android:name="android.permission.WRITE_EXTERNAL_STORAGE" />
60-->src/main/AndroidManifest.xml:17:5-81
60-->src/main/AndroidManifest.xml:17:22-78
61    <uses-permission android:name="android.permission.ACCESS_NETWORK_STATE" />
61-->src/main/AndroidManifest.xml:19:5-79
61-->src/main/AndroidManifest.xml:19:22-76
62    <uses-permission android:name="android.permission.DOWNLOAD_WITHOUT_NOTIFICATION" />
62-->src/main/AndroidManifest.xml:20:5-88
62-->src/main/AndroidManifest.xml:20:22-85
63    <uses-permission android:name="android.permission.ACCESS_COARSE_LOCATION" />
63-->src/main/AndroidManifest.xml:22:5-80
63-->src/main/AndroidManifest.xml:22:22-78
64    <uses-permission android:name="android.permission.ACCESS_FINE_LOCATION" />
64-->src/main/AndroidManifest.xml:23:5-79
64-->src/main/AndroidManifest.xml:23:22-76
65    <uses-permission android:name="android.permission.WAKE_LOCK" />
65-->src/main/AndroidManifest.xml:24:5-68
65-->src/main/AndroidManifest.xml:24:22-65
66    <uses-permission android:name="android.permission.RECEIVE_BOOT_COMPLETED" />
66-->src/main/AndroidManifest.xml:25:5-80
66-->src/main/AndroidManifest.xml:25:22-78
67    <uses-permission android:name="android.permission.VIBRATE" />
67-->src/main/AndroidManifest.xml:26:5-66
67-->src/main/AndroidManifest.xml:26:22-63
68    <uses-permission android:name="android.permission.FOREGROUND_SERVICE" />
68-->src/main/AndroidManifest.xml:27:5-76
68-->src/main/AndroidManifest.xml:27:22-74
69    <uses-permission android:name="android.permission.ACCESS_WIFI_STATE" />
69-->[:react-native-community_netinfo] AndroidManifest.xml:10:5-76
69-->[:react-native-community_netinfo] AndroidManifest.xml:10:22-73
70    <uses-permission android:name="android.permission.POST_NOTIFICATIONS" /> <!-- Required by older versions of Google Play services to create IID tokens -->
70-->[com.google.firebase:firebase-messaging:23.1.1] AndroidManifest.xml:25:5-77
70-->[com.google.firebase:firebase-messaging:23.1.1] AndroidManifest.xml:25:22-74
71    <uses-permission android:name="com.google.android.c2dm.permission.RECEIVE" />
71-->[com.google.firebase:firebase-messaging:23.1.1] AndroidManifest.xml:28:5-82
71-->[com.google.firebase:firebase-messaging:23.1.1] AndroidManifest.xml:28:22-79
72    <uses-permission android:name="com.google.android.gms.permission.AD_ID" />
72-->[com.google.android.gms:play-services-measurement-api:21.2.0] AndroidManifest.xml:25:5-79
72-->[com.google.android.gms:play-services-measurement-api:21.2.0] AndroidManifest.xml:25:22-76
73
74    <uses-feature
74-->[com.google.android.gms:play-services-maps:17.0.0] AndroidManifest.xml:26:5-28:35
75        android:glEsVersion="0x00020000"
75-->[com.google.android.gms:play-services-maps:17.0.0] AndroidManifest.xml:27:9-41
76        android:required="true" />
76-->[com.google.android.gms:play-services-maps:17.0.0] AndroidManifest.xml:28:9-32
77
78    <uses-permission android:name="com.google.android.finsky.permission.BIND_GET_INSTALL_REFERRER_SERVICE" />
78-->[com.google.android.gms:play-services-measurement:21.2.0] AndroidManifest.xml:26:5-110
78-->[com.google.android.gms:play-services-measurement:21.2.0] AndroidManifest.xml:26:22-107
79
80    <application
80-->src/main/AndroidManifest.xml:30:5-75:19
81        android:name="com.jvpg.jvpgclub.MainApplication"
81-->src/main/AndroidManifest.xml:31:7-38
82        android:allowBackup="false"
82-->src/main/AndroidManifest.xml:35:7-34
83        android:appComponentFactory="androidx.core.app.CoreComponentFactory"
83-->[androidx.core:core:1.6.0] AndroidManifest.xml:24:18-86
84        android:dataExtractionRules="@xml/data_extraction_rules"
84-->src/main/AndroidManifest.xml:43:9-65
85        android:icon="@mipmap/ic_launcher"
85-->src/main/AndroidManifest.xml:33:7-41
86        android:label="@string/app_name"
86-->src/main/AndroidManifest.xml:32:7-39
87        android:launchMode="singleInstance"
87-->src/main/AndroidManifest.xml:40:7-42
88        android:preserveLegacyExternalStorage="true"
88-->src/main/AndroidManifest.xml:38:7-51
89        android:requestLegacyExternalStorage="true"
89-->src/main/AndroidManifest.xml:37:7-50
90        android:roundIcon="@mipmap/ic_launcher"
90-->src/main/AndroidManifest.xml:34:7-46
91        android:theme="@style/AppTheme"
91-->src/main/AndroidManifest.xml:36:7-38
92        android:usesCleartextTraffic="true" >
92-->src/main/AndroidManifest.xml:39:7-42
93        <receiver
93-->src/main/AndroidManifest.xml:44:9-49:20
94            android:name="io.inverse.firebase.notifications.RNFirebaseBackgroundNotificationActionReceiver"
94-->src/main/AndroidManifest.xml:44:19-114
95            android:exported="true" >
95-->src/main/AndroidManifest.xml:44:115-138
96            <intent-filter>
96-->src/main/AndroidManifest.xml:46:13-48:29
97                <action android:name="io.invertase.firebase.notifications.BackgroundAction" />
97-->src/main/AndroidManifest.xml:47:17-94
97-->src/main/AndroidManifest.xml:47:25-92
98            </intent-filter>
99        </receiver>
100
101        <service android:name="io.inverse.firebase.notifications.RNFirebaseBackgroundNotificationActionsService" />
101-->src/main/AndroidManifest.xml:50:9-51:43
101-->src/main/AndroidManifest.xml:50:18-113
102
103        <activity
103-->src/main/AndroidManifest.xml:53:7-74:18
104            android:name="com.jvpg.jvpgclub.MainActivity"
104-->src/main/AndroidManifest.xml:54:9-37
105            android:configChanges="keyboard|keyboardHidden|orientation|screenLayout|screenSize|smallestScreenSize|uiMode"
105-->src/main/AndroidManifest.xml:56:9-118
106            android:exported="true"
106-->src/main/AndroidManifest.xml:61:11-34
107            android:label="@string/app_name"
107-->src/main/AndroidManifest.xml:55:9-41
108            android:launchMode="singleTask"
108-->src/main/AndroidManifest.xml:57:9-40
109            android:screenOrientation="portrait"
109-->src/main/AndroidManifest.xml:60:11-47
110            android:usesCleartextTraffic="true"
110-->src/main/AndroidManifest.xml:59:11-46
111            android:windowSoftInputMode="adjustResize" >
111-->src/main/AndroidManifest.xml:58:9-51
112            <intent-filter>
112-->src/main/AndroidManifest.xml:63:9-67:25
113                <action android:name="android.intent.action.MAIN" />
113-->src/main/AndroidManifest.xml:64:13-65
113-->src/main/AndroidManifest.xml:64:21-62
114
115                <category android:name="android.intent.category.LAUNCHER" />
115-->src/main/AndroidManifest.xml:65:13-73
115-->src/main/AndroidManifest.xml:65:23-70
116
117                <action android:name="android.intent.action.DOWNLOAD_COMPLETE" />
117-->src/main/AndroidManifest.xml:66:13-77
117-->src/main/AndroidManifest.xml:66:21-75
118            </intent-filter>
119            <intent-filter>
119-->src/main/AndroidManifest.xml:68:11-72:27
120
121                <!-- <action android:name="OPEN_ACTIVITY_1" /> -->
122                <action android:name="FCM_PLUGIN_ACTIVITY" />
122-->src/main/AndroidManifest.xml:70:15-60
122-->src/main/AndroidManifest.xml:70:23-57
123
124                <category android:name="android.intent.category.DEFAULT" />
124-->src/main/AndroidManifest.xml:71:15-74
124-->src/main/AndroidManifest.xml:71:25-71
125            </intent-filter>
126        </activity>
127        <activity
127-->[:react-native-razorpay] AndroidManifest.xml:10:9-12:86
128            android:name="com.razorpay.CheckoutActivity"
128-->[:react-native-razorpay] AndroidManifest.xml:11:13-57
129            android:configChanges="keyboard|keyboardHidden|orientation|screenSize"
129-->[:react-native-razorpay] AndroidManifest.xml:12:13-83
130            android:exported="false"
130-->[com.razorpay:checkout:1.6.35] AndroidManifest.xml:54:13-37
131            android:theme="@style/CheckoutTheme" >
131-->[com.razorpay:checkout:1.6.35] AndroidManifest.xml:55:13-49
132            <intent-filter>
132-->[com.razorpay:checkout:1.6.35] AndroidManifest.xml:56:13-58:29
133                <action android:name="android.intent.action.MAIN" />
133-->src/main/AndroidManifest.xml:64:13-65
133-->src/main/AndroidManifest.xml:64:21-62
134            </intent-filter>
135        </activity>
136
137        <service
137-->[:@react-native-firebase_messaging] AndroidManifest.xml:14:9-16:40
138            android:name="io.invertase.firebase.messaging.ReactNativeFirebaseMessagingHeadlessService"
138-->[:@react-native-firebase_messaging] AndroidManifest.xml:15:13-103
139            android:exported="false" />
139-->[:@react-native-firebase_messaging] AndroidManifest.xml:16:13-37
140        <service
140-->[:@react-native-firebase_messaging] AndroidManifest.xml:17:9-23:19
141            android:name="io.invertase.firebase.messaging.ReactNativeFirebaseMessagingService"
141-->[:@react-native-firebase_messaging] AndroidManifest.xml:18:13-95
142            android:exported="false" >
142-->[:@react-native-firebase_messaging] AndroidManifest.xml:19:13-37
143            <intent-filter>
143-->[:@react-native-firebase_messaging] AndroidManifest.xml:20:13-22:29
144                <action android:name="com.google.firebase.MESSAGING_EVENT" />
144-->[:@react-native-firebase_messaging] AndroidManifest.xml:21:17-78
144-->[:@react-native-firebase_messaging] AndroidManifest.xml:21:25-75
145            </intent-filter>
146        </service>
147
148        <receiver
148-->[:@react-native-firebase_messaging] AndroidManifest.xml:25:9-32:20
149            android:name="io.invertase.firebase.messaging.ReactNativeFirebaseMessagingReceiver"
149-->[:@react-native-firebase_messaging] AndroidManifest.xml:26:13-96
150            android:exported="true"
150-->[:@react-native-firebase_messaging] AndroidManifest.xml:27:13-36
151            android:permission="com.google.android.c2dm.permission.SEND" >
151-->[:@react-native-firebase_messaging] AndroidManifest.xml:28:13-73
152            <intent-filter>
152-->[:@react-native-firebase_messaging] AndroidManifest.xml:29:13-31:29
153                <action android:name="com.google.android.c2dm.intent.RECEIVE" />
153-->[:@react-native-firebase_messaging] AndroidManifest.xml:30:17-81
153-->[:@react-native-firebase_messaging] AndroidManifest.xml:30:25-78
154            </intent-filter>
155        </receiver>
156
157        <meta-data
157-->[:@react-native-firebase_messaging] AndroidManifest.xml:34:9-36:36
158            android:name="firebase_messaging_auto_init_enabled"
158-->[:@react-native-firebase_messaging] AndroidManifest.xml:35:13-64
159            android:value="true" />
159-->[:@react-native-firebase_messaging] AndroidManifest.xml:36:13-33
160        <meta-data
160-->[:@react-native-firebase_messaging] AndroidManifest.xml:37:9-39:32
161            android:name="com.google.firebase.messaging.default_notification_channel_id"
161-->[:@react-native-firebase_messaging] AndroidManifest.xml:38:13-89
162            android:value="" />
162-->[:@react-native-firebase_messaging] AndroidManifest.xml:39:13-29
163        <meta-data
163-->[:@react-native-firebase_messaging] AndroidManifest.xml:40:9-42:47
164            android:name="com.google.firebase.messaging.default_notification_color"
164-->[:@react-native-firebase_messaging] AndroidManifest.xml:41:13-84
165            android:resource="@color/white" /> <!-- Disable crashlytics by default so we can custom init with CrashlyticsNdk support -->
165-->[:@react-native-firebase_messaging] AndroidManifest.xml:42:13-44
166        <meta-data
166-->[:react-native-firebase_crashlytics] AndroidManifest.xml:12:9-14:37
167            android:name="firebase_crashlytics_collection_enabled"
167-->[:react-native-firebase_crashlytics] AndroidManifest.xml:13:13-67
168            android:value="false" />
168-->[:react-native-firebase_crashlytics] AndroidManifest.xml:14:13-34
169
170        <provider
170-->[:react-native-firebase_crashlytics] AndroidManifest.xml:16:9-20:38
171            android:name="io.invertase.firebase.crashlytics.ReactNativeFirebaseCrashlyticsInitProvider"
171-->[:react-native-firebase_crashlytics] AndroidManifest.xml:17:13-104
172            android:authorities="com.jvpg.jvpgclub.reactnativefirebasecrashlyticsinitprovider"
172-->[:react-native-firebase_crashlytics] AndroidManifest.xml:18:13-94
173            android:exported="false"
173-->[:react-native-firebase_crashlytics] AndroidManifest.xml:19:13-37
174            android:initOrder="98" />
174-->[:react-native-firebase_crashlytics] AndroidManifest.xml:20:13-35
175
176        <meta-data
176-->[:react-native-firebase_app] AndroidManifest.xml:11:9-13:36
177            android:name="app_data_collection_default_enabled"
177-->[:react-native-firebase_app] AndroidManifest.xml:12:13-63
178            android:value="true" />
178-->[:react-native-firebase_app] AndroidManifest.xml:13:13-33
179
180        <service
180-->[:react-native-firebase_app] AndroidManifest.xml:15:9-23:19
181            android:name="com.google.firebase.components.ComponentDiscoveryService"
181-->[:react-native-firebase_app] AndroidManifest.xml:16:13-84
182            android:directBootAware="true"
182-->[:react-native-firebase_app] AndroidManifest.xml:17:13-43
183            android:exported="false" >
183-->[:react-native-firebase_app] AndroidManifest.xml:18:13-37
184            <meta-data
184-->[:react-native-firebase_app] AndroidManifest.xml:20:13-22:85
185                android:name="com.google.firebase.components:io.invertase.firebase.app.ReactNativeFirebaseAppRegistrar"
185-->[:react-native-firebase_app] AndroidManifest.xml:21:17-120
186                android:value="com.google.firebase.components.ComponentRegistrar" />
186-->[:react-native-firebase_app] AndroidManifest.xml:22:17-82
187            <meta-data
187-->[com.google.firebase:firebase-crashlytics-ndk:18.3.2] AndroidManifest.xml:34:13-36:85
188                android:name="com.google.firebase.components:com.google.firebase.crashlytics.ndk.CrashlyticsNdkRegistrar"
188-->[com.google.firebase:firebase-crashlytics-ndk:18.3.2] AndroidManifest.xml:35:17-122
189                android:value="com.google.firebase.components.ComponentRegistrar" />
189-->[com.google.firebase:firebase-crashlytics-ndk:18.3.2] AndroidManifest.xml:36:17-82
190            <meta-data
190-->[com.google.firebase:firebase-crashlytics:18.3.2] AndroidManifest.xml:17:13-19:85
191                android:name="com.google.firebase.components:com.google.firebase.crashlytics.CrashlyticsRegistrar"
191-->[com.google.firebase:firebase-crashlytics:18.3.2] AndroidManifest.xml:18:17-115
192                android:value="com.google.firebase.components.ComponentRegistrar" />
192-->[com.google.firebase:firebase-crashlytics:18.3.2] AndroidManifest.xml:19:17-82
193            <meta-data
193-->[com.google.firebase:firebase-messaging:23.1.1] AndroidManifest.xml:55:13-57:85
194                android:name="com.google.firebase.components:com.google.firebase.messaging.FirebaseMessagingRegistrar"
194-->[com.google.firebase:firebase-messaging:23.1.1] AndroidManifest.xml:56:17-119
195                android:value="com.google.firebase.components.ComponentRegistrar" />
195-->[com.google.firebase:firebase-messaging:23.1.1] AndroidManifest.xml:57:17-82
196            <meta-data
196-->[com.google.firebase:firebase-datatransport:18.1.7] AndroidManifest.xml:27:13-29:85
197                android:name="com.google.firebase.components:com.google.firebase.datatransport.TransportRegistrar"
197-->[com.google.firebase:firebase-datatransport:18.1.7] AndroidManifest.xml:28:17-115
198                android:value="com.google.firebase.components.ComponentRegistrar" />
198-->[com.google.firebase:firebase-datatransport:18.1.7] AndroidManifest.xml:29:17-82
199            <meta-data
199-->[com.google.android.gms:play-services-measurement-api:21.2.0] AndroidManifest.xml:31:13-33:85
200                android:name="com.google.firebase.components:com.google.firebase.analytics.connector.internal.AnalyticsConnectorRegistrar"
200-->[com.google.android.gms:play-services-measurement-api:21.2.0] AndroidManifest.xml:32:17-139
201                android:value="com.google.firebase.components.ComponentRegistrar" />
201-->[com.google.android.gms:play-services-measurement-api:21.2.0] AndroidManifest.xml:33:17-82
202            <meta-data
202-->[com.google.firebase:firebase-installations:17.1.0] AndroidManifest.xml:17:13-19:85
203                android:name="com.google.firebase.components:com.google.firebase.installations.FirebaseInstallationsRegistrar"
203-->[com.google.firebase:firebase-installations:17.1.0] AndroidManifest.xml:18:17-127
204                android:value="com.google.firebase.components.ComponentRegistrar" />
204-->[com.google.firebase:firebase-installations:17.1.0] AndroidManifest.xml:19:17-82
205        </service>
206
207        <provider
207-->[:react-native-firebase_app] AndroidManifest.xml:25:9-29:38
208            android:name="io.invertase.firebase.app.ReactNativeFirebaseAppInitProvider"
208-->[:react-native-firebase_app] AndroidManifest.xml:26:13-88
209            android:authorities="com.jvpg.jvpgclub.reactnativefirebaseappinitprovider"
209-->[:react-native-firebase_app] AndroidManifest.xml:27:13-86
210            android:exported="false"
210-->[:react-native-firebase_app] AndroidManifest.xml:28:13-37
211            android:initOrder="99" />
211-->[:react-native-firebase_app] AndroidManifest.xml:29:13-35
212        <provider
212-->[:react-native-blob-util] AndroidManifest.xml:37:9-45:20
213            android:name="com.ReactNativeBlobUtil.Utils.FileProvider"
213-->[:react-native-blob-util] AndroidManifest.xml:38:13-70
214            android:authorities="com.jvpg.jvpgclub.provider"
214-->[:react-native-blob-util] AndroidManifest.xml:39:13-60
215            android:exported="false"
215-->[:react-native-blob-util] AndroidManifest.xml:40:13-37
216            android:grantUriPermissions="true" >
216-->[:react-native-blob-util] AndroidManifest.xml:41:13-47
217            <meta-data
217-->[:react-native-blob-util] AndroidManifest.xml:42:13-44:58
218                android:name="android.support.FILE_PROVIDER_PATHS"
218-->[:react-native-blob-util] AndroidManifest.xml:43:17-67
219                android:resource="@xml/provider_paths" />
219-->[:react-native-blob-util] AndroidManifest.xml:44:17-55
220        </provider>
221        <provider
221-->[:react-native-image-crop-picker] AndroidManifest.xml:18:9-26:20
222            android:name="com.reactnative.ivpusic.imagepicker.IvpusicImagePickerFileProvider"
222-->[:react-native-image-crop-picker] AndroidManifest.xml:19:13-94
223            android:authorities="com.jvpg.jvpgclub.provider"
223-->[:react-native-image-crop-picker] AndroidManifest.xml:20:13-60
224            android:exported="false"
224-->[:react-native-image-crop-picker] AndroidManifest.xml:21:13-37
225            android:grantUriPermissions="true" >
225-->[:react-native-image-crop-picker] AndroidManifest.xml:22:13-47
226            <meta-data
226-->[:react-native-blob-util] AndroidManifest.xml:42:13-44:58
227                android:name="android.support.FILE_PROVIDER_PATHS"
227-->[:react-native-blob-util] AndroidManifest.xml:43:17-67
228                android:resource="@xml/ivpusic_imagepicker_provider_paths" />
228-->[:react-native-blob-util] AndroidManifest.xml:44:17-55
229        </provider>
230
231        <activity
231-->[:react-native-image-crop-picker] AndroidManifest.xml:28:9-30:72
232            android:name="com.yalantis.ucrop.UCropActivity"
232-->[:react-native-image-crop-picker] AndroidManifest.xml:29:13-60
233            android:theme="@style/Theme.AppCompat.Light.NoActionBar" />
233-->[:react-native-image-crop-picker] AndroidManifest.xml:30:13-69
234
235        <provider
235-->[:react-native-share] AndroidManifest.xml:10:9-18:20
236            android:name="cl.json.RNShareFileProvider"
236-->[:react-native-share] AndroidManifest.xml:11:13-55
237            android:authorities="com.jvpg.jvpgclub.rnshare.fileprovider"
237-->[:react-native-share] AndroidManifest.xml:12:13-72
238            android:exported="false"
238-->[:react-native-share] AndroidManifest.xml:13:13-37
239            android:grantUriPermissions="true" >
239-->[:react-native-share] AndroidManifest.xml:14:13-47
240            <meta-data
240-->[:react-native-blob-util] AndroidManifest.xml:42:13-44:58
241                android:name="android.support.FILE_PROVIDER_PATHS"
241-->[:react-native-blob-util] AndroidManifest.xml:43:17-67
242                android:resource="@xml/share_download_paths" />
242-->[:react-native-blob-util] AndroidManifest.xml:44:17-55
243        </provider>
244        <provider
244-->[:react-native-webview] AndroidManifest.xml:10:9-18:20
245            android:name="com.reactnativecommunity.webview.RNCWebViewFileProvider"
245-->[:react-native-webview] AndroidManifest.xml:11:13-83
246            android:authorities="com.jvpg.jvpgclub.fileprovider"
246-->[:react-native-webview] AndroidManifest.xml:12:13-64
247            android:exported="false"
247-->[:react-native-webview] AndroidManifest.xml:13:13-37
248            android:grantUriPermissions="true" >
248-->[:react-native-webview] AndroidManifest.xml:14:13-47
249            <meta-data
249-->[:react-native-blob-util] AndroidManifest.xml:42:13-44:58
250                android:name="android.support.FILE_PROVIDER_PATHS"
250-->[:react-native-blob-util] AndroidManifest.xml:43:17-67
251                android:resource="@xml/file_provider_paths" />
251-->[:react-native-blob-util] AndroidManifest.xml:44:17-55
252        </provider>
253
254        <receiver
254-->[com.google.firebase:firebase-messaging:23.1.1] AndroidManifest.xml:31:9-38:20
255            android:name="com.google.firebase.iid.FirebaseInstanceIdReceiver"
255-->[com.google.firebase:firebase-messaging:23.1.1] AndroidManifest.xml:32:13-78
256            android:exported="true"
256-->[com.google.firebase:firebase-messaging:23.1.1] AndroidManifest.xml:33:13-36
257            android:permission="com.google.android.c2dm.permission.SEND" >
257-->[com.google.firebase:firebase-messaging:23.1.1] AndroidManifest.xml:34:13-73
258            <intent-filter>
258-->[:@react-native-firebase_messaging] AndroidManifest.xml:29:13-31:29
259                <action android:name="com.google.android.c2dm.intent.RECEIVE" />
259-->[:@react-native-firebase_messaging] AndroidManifest.xml:30:17-81
259-->[:@react-native-firebase_messaging] AndroidManifest.xml:30:25-78
260            </intent-filter>
261        </receiver>
262        <!--
263             FirebaseMessagingService performs security checks at runtime,
264             but set to not exported to explicitly avoid allowing another app to call it.
265        -->
266        <service
266-->[com.google.firebase:firebase-messaging:23.1.1] AndroidManifest.xml:44:9-51:19
267            android:name="com.google.firebase.messaging.FirebaseMessagingService"
267-->[com.google.firebase:firebase-messaging:23.1.1] AndroidManifest.xml:45:13-82
268            android:directBootAware="true"
268-->[com.google.firebase:firebase-messaging:23.1.1] AndroidManifest.xml:46:13-43
269            android:exported="false" >
269-->[com.google.firebase:firebase-messaging:23.1.1] AndroidManifest.xml:47:13-37
270            <intent-filter android:priority="-500" >
270-->[:@react-native-firebase_messaging] AndroidManifest.xml:20:13-22:29
271                <action android:name="com.google.firebase.MESSAGING_EVENT" />
271-->[:@react-native-firebase_messaging] AndroidManifest.xml:21:17-78
271-->[:@react-native-firebase_messaging] AndroidManifest.xml:21:25-75
272            </intent-filter>
273        </service>
274        <service
274-->[com.google.android.datatransport:transport-backend-cct:3.1.8] AndroidManifest.xml:28:9-34:19
275            android:name="com.google.android.datatransport.runtime.backends.TransportBackendDiscovery"
275-->[com.google.android.datatransport:transport-backend-cct:3.1.8] AndroidManifest.xml:29:13-103
276            android:exported="false" >
276-->[com.google.android.datatransport:transport-backend-cct:3.1.8] AndroidManifest.xml:30:13-37
277            <meta-data
277-->[com.google.android.datatransport:transport-backend-cct:3.1.8] AndroidManifest.xml:31:13-33:39
278                android:name="backend:com.google.android.datatransport.cct.CctBackendFactory"
278-->[com.google.android.datatransport:transport-backend-cct:3.1.8] AndroidManifest.xml:32:17-94
279                android:value="cct" />
279-->[com.google.android.datatransport:transport-backend-cct:3.1.8] AndroidManifest.xml:33:17-36
280        </service>
281        <service
281-->[com.google.android.datatransport:transport-runtime:3.1.8] AndroidManifest.xml:26:9-30:19
282            android:name="com.google.android.datatransport.runtime.scheduling.jobscheduling.JobInfoSchedulerService"
282-->[com.google.android.datatransport:transport-runtime:3.1.8] AndroidManifest.xml:27:13-117
283            android:exported="false"
283-->[com.google.android.datatransport:transport-runtime:3.1.8] AndroidManifest.xml:28:13-37
284            android:permission="android.permission.BIND_JOB_SERVICE" >
284-->[com.google.android.datatransport:transport-runtime:3.1.8] AndroidManifest.xml:29:13-69
285        </service>
286
287        <receiver
287-->[com.google.android.datatransport:transport-runtime:3.1.8] AndroidManifest.xml:32:9-34:40